<?xml version="1.0" encoding="UTF-8" ?>
<testsuite failures="0" time="26.719" errors="1" skipped="0" tests="1" name="com.cattle.login.LoginTest">
  <properties>
[...]
</properties>
  <testcase time="26.719" classname="com.cattle.login.LoginTest" name="loginTest">
    <error message="Element not found in the cache - perhaps the page has changed since it was looked up
Command duration or timeout: 14 milliseconds
For documentation on this error, please visit: http://seleniumhq.org/exceptions/stale_element_reference.html
Build info: version: &apos;2.39.0&apos;, revision: &apos;14fa800511cc5d66d426e08b0b2ab926c7ed7398&apos;, time: &apos;2013-12-16 13:18:38&apos;
System info: host: &apos;rchunduri&apos;, ip: &apos;172.16.101.243&apos;, os.name: &apos;Windows 7&apos;, os.arch: &apos;x86&apos;, os.version: &apos;6.1&apos;, java.version: &apos;1.7.0_40&apos;
Session ID: fe11f181-39a2-46bc-8203-330d008e3d4d
Driver info: org.openqa.selenium.firefox.FirefoxDriver
Capabilities [{platform=XP, acceptSslCerts=true, javascriptEnabled=true, cssSelectorsEnabled=true, databaseEnabled=true, browserName=firefox, handlesAlerts=true, browserConnectionEnabled=true, webStorageEnabled=true, nativeEvents=false, rotatable=false, locationContextEnabled=true, applicationCacheEnabled=true, takesScreenshot=true, version=27.0.1}]" type="org.openqa.selenium.StaleElementReferenceException">org.openqa.selenium.StaleElementReferenceException: Element not found in the cache - perhaps the page has changed since it was looked up
Command duration or timeout: 14 milliseconds
For documentation on this error, please visit: http://seleniumhq.org/exceptions/stale_element_reference.html
Build info: version: &apos;2.39.0&apos;, revision: &apos;14fa800511cc5d66d426e08b0b2ab926c7ed7398&apos;, time: &apos;2013-12-16 13:18:38&apos;
System info: host: &apos;rchunduri&apos;, ip: &apos;172.16.101.243&apos;, os.name: &apos;Windows 7&apos;, os.arch: &apos;x86&apos;, os.version: &apos;6.1&apos;, java.version: &apos;1.7.0_40&apos;
Session ID: fe11f181-39a2-46bc-8203-330d008e3d4d
Driver info: org.openqa.selenium.firefox.FirefoxDriver
Capabilities [{platform=XP, acceptSslCerts=true, javascriptEnabled=true, cssSelectorsEnabled=true, databaseEnabled=true, browserName=firefox, handlesAlerts=true, browserConnectionEnabled=true, webStorageEnabled=true, nativeEvents=false, rotatable=false, locationContextEnabled=true, applicationCacheEnabled=true, takesScreenshot=true, version=27.0.1}]
	at &lt;anonymous class&gt;.fxdriver.cache.getElementAt(resource://fxdriver/modules/web_element_cache.js:7584)
	at &lt;anonymous class&gt;.Utils.getElementAt(file:///C:/Users/RCHUND~1/AppData/Local/Temp/anonymous6604686858880250158webdriver-profile/extensions/fxdriver@googlecode.com/components/command_processor.js:7197)
	at &lt;anonymous class&gt;.fxdriver.preconditions.visible(file:///C:/Users/RCHUND~1/AppData/Local/Temp/anonymous6604686858880250158webdriver-profile/extensions/fxdriver@googlecode.com/components/command_processor.js:8177)
	at &lt;anonymous class&gt;.DelayedCommand.prototype.checkPreconditions_(file:///C:/Users/RCHUND~1/AppData/Local/Temp/anonymous6604686858880250158webdriver-profile/extensions/fxdriver@googlecode.com/components/command_processor.js:10814)
	at &lt;anonymous class&gt;.DelayedCommand.prototype.executeInternal_/h(file:///C:/Users/RCHUND~1/AppData/Local/Temp/anonymous6604686858880250158webdriver-profile/extensions/fxdriver@googlecode.com/components/command_processor.js:10831)
	at &lt;anonymous class&gt;.DelayedCommand.prototype.executeInternal_(file:///C:/Users/RCHUND~1/AppData/Local/Temp/anonymous6604686858880250158webdriver-profile/extensions/fxdriver@googlecode.com/components/command_processor.js:10836)
	at &lt;anonymous class&gt;.DelayedCommand.prototype.execute/&lt;(file:///C:/Users/RCHUND~1/AppData/Local/Temp/anonymous6604686858880250158webdriver-profile/extensions/fxdriver@googlecode.com/components/command_processor.js:10778)
</error>
  </testcase>
</testsuite>